c:\users\alje\dropbox\vs 2012 projects\soa1\soa1\debug\vc140.pdb
c:\users\alje\dropbox\vs 2012 projects\soa1\soa1\debug\vc140.idb
c:\users\alje\dropbox\vs 2012 projects\soa1\soa1\debug\main.obj
c:\users\alje\dropbox\vs 2012 projects\soa1\debug\soa1.pdb
c:\users\alje\dropbox\vs 2012 projects\soa1\soa1\debug\soa1.tlog\cl.command.1.tlog
c:\users\alje\dropbox\vs 2012 projects\soa1\soa1\debug\soa1.tlog\cl.read.1.tlog
c:\users\alje\dropbox\vs 2012 projects\soa1\soa1\debug\soa1.tlog\cl.write.1.tlog
c:\users\alje\dropbox\vs 2012 projects\soa1\soa1\debug\soa1.tlog\link-cvtres.read.1.tlog
c:\users\alje\dropbox\vs 2012 projects\soa1\soa1\debug\soa1.tlog\link-cvtres.write.1.tlog
c:\users\alje\dropbox\vs 2012 projects\soa1\soa1\debug\soa1.tlog\link-rc.read.1.tlog
c:\users\alje\dropbox\vs 2012 projects\soa1\soa1\debug\soa1.tlog\link-rc.write.1.tlog
c:\users\alje\dropbox\vs 2012 projects\soa1\soa1\debug\soa1.tlog\link.5584-cvtres.read.1.tlog
c:\users\alje\dropbox\vs 2012 projects\soa1\soa1\debug\soa1.tlog\link.5584-cvtres.write.1.tlog
c:\users\alje\dropbox\vs 2012 projects\soa1\soa1\debug\soa1.tlog\link.5584-rc.read.1.tlog
c:\users\alje\dropbox\vs 2012 projects\soa1\soa1\debug\soa1.tlog\link.5584-rc.write.1.tlog
c:\users\alje\dropbox\vs 2012 projects\soa1\soa1\debug\soa1.tlog\link.5584.read.1.tlog
c:\users\alje\dropbox\vs 2012 projects\soa1\soa1\debug\soa1.tlog\link.5584.write.1.tlog
c:\users\alje\dropbox\vs 2012 projects\soa1\soa1\debug\soa1.tlog\link.command.1.tlog
c:\users\alje\dropbox\vs 2012 projects\soa1\soa1\debug\soa1.tlog\link.read.1.tlog
c:\users\alje\dropbox\vs 2012 projects\soa1\soa1\debug\soa1.tlog\link.write.1.tlog
